<?xml version="1.0" encoding="UTF-8"?>
<!-- Generated by org.testng.reporters.JUnitXMLReporter -->
<testsuite ignored="0" hostname="DESKTOP-7VLDNL8" failures="0" tests="3" name="ChromeTest" time="39.361" errors="0" timestamp="2022-09-20T16:49:34 IST">
  <testcase classname="maven3.VerifyRoomsPageBY_TESTNG" name="@BeforeMethod openRoomPage" time="25.33">
    <failure type="java.lang.NullPointerException" message="Cannot invoke &amp;quot;maven_3.MessengerPagee.openRoom()&amp;quot; because &amp;quot;this.messenger&amp;quot; is null">
      <![CDATA[java.lang.NullPointerException: Cannot invoke "maven_3.MessengerPagee.openRoom()" because "this.messenger" is null
at maven3.VerifyRoomsPageBY_TESTNG.openRoomPage(VerifyRoomsPageBY_TESTNG.java:64)
at java.base/java.util.ArrayList.forEach(ArrayList.java:1511)
... Removed 29 stack frames]]>
    </failure>
  </testcase> <!-- @BeforeMethod openRoomPage -->
  <testcase classname="maven3.VerifyRoomsPageBY_TESTNG" name="@AfterMethod logOutFromApplication" time="-1.663672764117E9">
    <skipped/>
  </testcase> <!-- @AfterMethod logOutFromApplication -->
  <testcase classname="maven3.VerifyRoomsPageBY_TESTNG" name="@BeforeMethod openRoomPage" time="-1.663672764129E9">
    <skipped/>
  </testcase> <!-- @BeforeMethod openRoomPage -->
  <testcase classname="maven3.VerifyRoomsPageBY_TESTNG" name="@AfterMethod logOutFromApplication" time="-1.663672764149E9">
    <skipped/>
  </testcase> <!-- @AfterMethod logOutFromApplication -->
  <testcase classname="maven3.VerifyRoomsPageBY_TESTNG" name="@AfterClass clearPOMobject" time="-1.663672764155E9">
    <skipped/>
  </testcase> <!-- @AfterClass clearPOMobject -->
  <testcase classname="maven3.VerifyRedmeMobilePageUrl" name="@BeforeMethod openAmazonHomePage" time="10.513">
    <failure type="org.openqa.selenium.WebDriverException" message="chrome not reachable
  (Session info: chrome=105.0.5195.127)
Build info: version: &amp;apos;3.141.59&amp;apos;, revision: &amp;apos;e82be7d358&amp;apos;, time: &amp;apos;2018-11-14T08:17:03&amp;apos;
System info: host: &amp;apos;DESKTOP-7VLDNL8&amp;apos;, ip: &amp;apos;192.168.43.122&amp;apos;, os.name: &amp;apos;Windows 10&amp;apos;, os.arch: &amp;apos;amd64&amp;apos;, os.version: &amp;apos;10.0&amp;apos;, java.version: &amp;apos;18.0.1.1&amp;apos;
Driver info: org.openqa.selenium.chrome.ChromeDriver
Capabilities {acceptInsecureCerts: false, browserName: chrome, browserVersion: 105.0.5195.127, chrome: {chromedriverVersion: 105.0.5195.52 (412c95e51883..., userDataDir: C:\Users\shri\AppData\Local...}, goog:chromeOptions: {debuggerAddress: localhost:62013}, javascriptEnabled: true, networkConnectionEnabled: false, pageLoadStrategy: normal, platform: WINDOWS, platformName: WINDOWS, proxy: Proxy(), setWindowRect: true, strictFileInteractability: false, timeouts: {implicit: 0, pageLoad: 300000, script: 30000}, unhandledPromptBehavior: dismiss and notify, webauthn:extension:credBlob: true, webauthn:extension:largeBlob: true, webauthn:virtualAuthenticators: true}
Session ID: a2701472fed5741b24ba073548d966b5">
      <![CDATA[org.openqa.selenium.WebDriverException: chrome not reachable
  (Session info: chrome=105.0.5195.127)
Build info: version: '3.141.59', revision: 'e82be7d358', time: '2018-11-14T08:17:03'
System info: host: 'DESKTOP-7VLDNL8', ip: '192.168.43.122', os.name: 'Windows 10', os.arch: 'amd64', os.version: '10.0', java.version: '18.0.1.1'
Driver info: org.openqa.selenium.chrome.ChromeDriver
Capabilities {acceptInsecureCerts: false, browserName: chrome, browserVersion: 105.0.5195.127, chrome: {chromedriverVersion: 105.0.5195.52 (412c95e51883..., userDataDir: C:\Users\shri\AppData\Local...}, goog:chromeOptions: {debuggerAddress: localhost:62013}, javascriptEnabled: true, networkConnectionEnabled: false, pageLoadStrategy: normal, platform: WINDOWS, platformName: WINDOWS, proxy: Proxy(), setWindowRect: true, strictFileInteractability: false, timeouts: {implicit: 0, pageLoad: 300000, script: 30000}, unhandledPromptBehavior: dismiss and notify, webauthn:extension:credBlob: true, webauthn:extension:largeBlob: true, webauthn:virtualAuthenticators: true}
Session ID: a2701472fed5741b24ba073548d966b5
at org.openqa.selenium.remote.http.W3CHttpResponseCodec.createException(W3CHttpResponseCodec.java:187)
at org.openqa.selenium.remote.http.W3CHttpResponseCodec.decode(W3CHttpResponseCodec.java:122)
at org.openqa.selenium.remote.http.W3CHttpResponseCodec.decode(W3CHttpResponseCodec.java:49)
at org.openqa.selenium.remote.HttpCommandExecutor.execute(HttpCommandExecutor.java:158)
at org.openqa.selenium.remote.service.DriverCommandExecutor.execute(DriverCommandExecutor.java:83)
at org.openqa.selenium.remote.RemoteWebDriver.execute(RemoteWebDriver.java:552)
at org.openqa.selenium.remote.RemoteWebDriver.get(RemoteWebDriver.java:277)
at maven3.VerifyRedmeMobilePageUrl.openAmazonHomePage(VerifyRedmeMobilePageUrl.java:60)
at java.base/java.util.ArrayList.forEach(ArrayList.java:1511)
... Removed 32 stack frames]]>
    </failure>
  </testcase> <!-- @BeforeMethod openAmazonHomePage -->
  <testcase classname="maven3.VerifyRedmeMobilePageUrl" name="@AfterMethod logOutFromApplication" time="-1.663672774703E9">
    <skipped/>
  </testcase> <!-- @AfterMethod logOutFromApplication -->
  <testcase classname="maven3.VerifyRedmeMobilePageUrl" name="@AfterClass clearObject" time="-1.663672774705E9">
    <skipped/>
  </testcase> <!-- @AfterClass clearObject -->
  <testcase classname="maven3.VerifyRedmeMobilePageUrl" name="@AfterTest closeBrowser" time="-1.663672774708E9">
    <skipped/>
  </testcase> <!-- @AfterTest closeBrowser -->
  <testcase classname="maven3.VerifyRoomsPageBY_TESTNG" name="@AfterTest closeBrowser" time="-1.663672774713E9">
    <skipped/>
  </testcase> <!-- @AfterTest closeBrowser -->
  <testcase classname="maven3.VerifyRoomsPageBY_TESTNG" name="toVerifyMessengerHelpCenterButton" time="0.0">
    <skipped/>
  </testcase> <!-- toVerifyMessengerHelpCenterButton -->
  <testcase classname="maven3.VerifyRoomsPageBY_TESTNG" name="toVerifyReturnToMessengerButton" time="0.0">
    <skipped/>
  </testcase> <!-- toVerifyReturnToMessengerButton -->
  <testcase classname="maven3.VerifyRedmeMobilePageUrl" name="test" time="0.0">
    <skipped/>
  </testcase> <!-- test -->
</testsuite> <!-- ChromeTest -->
