<?xml version="1.0" encoding="UTF-8"?>
<!-- Generated by org.testng.reporters.JUnitXMLReporter -->
<testsuite ignored="0" hostname="DESKTOP-7VLDNL8" failures="0" tests="3" name="FirefoxTest" time="0.13" errors="0" timestamp="2022-09-20T16:49:34 IST">
  <testcase classname="maven3.VerifyRedmeMobilePageUrl" name="@BeforeTest openBrowser" time="0.032">
    <failure type="java.lang.IllegalStateException" message="The path to the driver executable must be set by the webdriver.gecko.driver system property; for more information, see https://github.com/mozilla/geckodriver. The latest version can be downloaded from https://github.com/mozilla/geckodriver/releases">
      <![CDATA[java.lang.IllegalStateException: The path to the driver executable must be set by the webdriver.gecko.driver system property; for more information, see https://github.com/mozilla/geckodriver. The latest version can be downloaded from https://github.com/mozilla/geckodriver/releases
at com.google.common.base.Preconditions.checkState(Preconditions.java:847)
at org.openqa.selenium.remote.service.DriverService.findExecutable(DriverService.java:134)
at org.openqa.selenium.firefox.GeckoDriverService.access$100(GeckoDriverService.java:44)
at org.openqa.selenium.firefox.GeckoDriverService$Builder.findDefaultExecutable(GeckoDriverService.java:167)
at org.openqa.selenium.remote.service.DriverService$Builder.build(DriverService.java:355)
at org.openqa.selenium.firefox.FirefoxDriver.toExecutor(FirefoxDriver.java:190)
at org.openqa.selenium.firefox.FirefoxDriver.<init>(FirefoxDriver.java:147)
at org.openqa.selenium.firefox.FirefoxDriver.<init>(FirefoxDriver.java:125)
at maven3.VerifyRedmeMobilePageUrl.openBrowser(VerifyRedmeMobilePageUrl.java:42)
... Removed 22 stack frames]]>
    </failure>
  </testcase> <!-- @BeforeTest openBrowser -->
  <testcase classname="maven3.VerifyRoomsPageBY_TESTNG" name="@BeforeTest openBrowser" time="-1.663672774815E9">
    <skipped/>
  </testcase> <!-- @BeforeTest openBrowser -->
  <testcase classname="maven3.VerifyRoomsPageBY_TESTNG" name="@BeforeClass createPOMobject" time="-1.66367277482E9">
    <skipped/>
  </testcase> <!-- @BeforeClass createPOMobject -->
  <testcase classname="maven3.VerifyRoomsPageBY_TESTNG" name="@BeforeMethod openRoomPage" time="-1.663672774826E9">
    <skipped/>
  </testcase> <!-- @BeforeMethod openRoomPage -->
  <testcase classname="maven3.VerifyRoomsPageBY_TESTNG" name="@AfterMethod logOutFromApplication" time="-1.663672774832E9">
    <skipped/>
  </testcase> <!-- @AfterMethod logOutFromApplication -->
  <testcase classname="maven3.VerifyRoomsPageBY_TESTNG" name="@BeforeMethod openRoomPage" time="-1.663672774835E9">
    <skipped/>
  </testcase> <!-- @BeforeMethod openRoomPage -->
  <testcase classname="maven3.VerifyRoomsPageBY_TESTNG" name="@AfterMethod logOutFromApplication" time="-1.663672774865E9">
    <skipped/>
  </testcase> <!-- @AfterMethod logOutFromApplication -->
  <testcase classname="maven3.VerifyRoomsPageBY_TESTNG" name="@AfterClass clearPOMobject" time="-1.663672774868E9">
    <skipped/>
  </testcase> <!-- @AfterClass clearPOMobject -->
  <testcase classname="maven3.VerifyRedmeMobilePageUrl" name="@BeforeClass createPOMobject" time="-1.66367277487E9">
    <skipped/>
  </testcase> <!-- @BeforeClass createPOMobject -->
  <testcase classname="maven3.VerifyRedmeMobilePageUrl" name="@BeforeMethod openAmazonHomePage" time="-1.66367277488E9">
    <skipped/>
  </testcase> <!-- @BeforeMethod openAmazonHomePage -->
  <testcase classname="maven3.VerifyRedmeMobilePageUrl" name="@AfterMethod logOutFromApplication" time="-1.663672774889E9">
    <skipped/>
  </testcase> <!-- @AfterMethod logOutFromApplication -->
  <testcase classname="maven3.VerifyRedmeMobilePageUrl" name="@AfterClass clearObject" time="-1.663672774892E9">
    <skipped/>
  </testcase> <!-- @AfterClass clearObject -->
  <testcase classname="maven3.VerifyRedmeMobilePageUrl" name="@AfterTest closeBrowser" time="-1.663672774897E9">
    <skipped/>
  </testcase> <!-- @AfterTest closeBrowser -->
  <testcase classname="maven3.VerifyRoomsPageBY_TESTNG" name="@AfterTest closeBrowser" time="-1.663672774903E9">
    <skipped/>
  </testcase> <!-- @AfterTest closeBrowser -->
  <testcase classname="maven3.VerifyRoomsPageBY_TESTNG" name="toVerifyMessengerHelpCenterButton" time="0.0">
    <skipped/>
  </testcase> <!-- toVerifyMessengerHelpCenterButton -->
  <testcase classname="maven3.VerifyRoomsPageBY_TESTNG" name="toVerifyReturnToMessengerButton" time="0.0">
    <skipped/>
  </testcase> <!-- toVerifyReturnToMessengerButton -->
  <testcase classname="maven3.VerifyRedmeMobilePageUrl" name="test" time="0.0">
    <skipped/>
  </testcase> <!-- test -->
</testsuite> <!-- FirefoxTest -->
