<?xml version="1.0" encoding="UTF-8"?>
<!-- Generated by org.testng.reporters.JUnitXMLReporter -->
<testsuite ignored="0" hostname="DESKTOP-7VLDNL8" failures="1" tests="3" name="ChromeTest" time="94.708" errors="0" timestamp="2022-09-20T16:39:07 IST">
  <testcase classname="maven3.VerifyRoomsPageBY_TESTNG" name="@BeforeMethod openRoomPage" time="15.305">
    <failure type="java.lang.NullPointerException" message="Cannot invoke &amp;quot;maven_3.MessengerPagee.openRoom()&amp;quot; because &amp;quot;this.messenger&amp;quot; is null">
      <![CDATA[java.lang.NullPointerException: Cannot invoke "maven_3.MessengerPagee.openRoom()" because "this.messenger" is null
at maven3.VerifyRoomsPageBY_TESTNG.openRoomPage(VerifyRoomsPageBY_TESTNG.java:64)
at java.base/java.util.ArrayList.forEach(ArrayList.java:1511)
... Removed 29 stack frames]]>
    </failure>
  </testcase> <!-- @BeforeMethod openRoomPage -->
  <testcase classname="maven3.VerifyRoomsPageBY_TESTNG" name="@AfterMethod logOutFromApplication" time="-1.663672071657E9">
    <skipped/>
  </testcase> <!-- @AfterMethod logOutFromApplication -->
  <testcase classname="maven3.VerifyRoomsPageBY_TESTNG" name="@BeforeMethod openRoomPage" time="-1.66367207166E9">
    <skipped/>
  </testcase> <!-- @BeforeMethod openRoomPage -->
  <testcase classname="maven3.VerifyRoomsPageBY_TESTNG" name="@AfterMethod logOutFromApplication" time="-1.663672071669E9">
    <skipped/>
  </testcase> <!-- @AfterMethod logOutFromApplication -->
  <testcase classname="maven3.VerifyRoomsPageBY_TESTNG" name="@AfterClass clearPOMobject" time="-1.663672071672E9">
    <skipped/>
  </testcase> <!-- @AfterClass clearPOMobject -->
  <testcase classname="maven3.VerifyRoomsPageBY_TESTNG" name="toVerifyMessengerHelpCenterButton" time="0.001">
    <skipped/>
  </testcase> <!-- toVerifyMessengerHelpCenterButton -->
  <testcase classname="maven3.VerifyRoomsPageBY_TESTNG" name="toVerifyReturnToMessengerButton" time="0.0">
    <skipped/>
  </testcase> <!-- toVerifyReturnToMessengerButton -->
  <testcase classname="maven3.VerifyRedmeMobilePageUrl" name="test" time="5.503">
    <failure type="java.lang.AssertionError" message="expected [vhbjjk] but found [https://www.amazon.com/cart/smart-wagon?newItems=204412bb-0f8a-4319-b173-9af3a1cea4e6,1]">
      <![CDATA[java.lang.AssertionError: expected [vhbjjk] but found [https://www.amazon.com/cart/smart-wagon?newItems=204412bb-0f8a-4319-b173-9af3a1cea4e6,1]
at maven3.VerifyRedmeMobilePageUrl.test(VerifyRedmeMobilePageUrl.java:83)
at java.base/java.util.ArrayList.forEach(ArrayList.java:1511)
... Removed 31 stack frames]]>
    </failure>
  </testcase> <!-- test -->
</testsuite> <!-- ChromeTest -->
